<?xml version="1.0" encoding="UTF-8"?>
<testng-results ignored="0" total="1" passed="1" failed="0" skipped="0">
  <reporter-output>
  </reporter-output>
  <suite started-at="2025-10-21T20:55:20 IST" name="Default suite" finished-at="2025-10-21T20:55:34 IST" duration-ms="14027">
    <groups>
    </groups>
    <test started-at="2025-10-21T20:55:20 IST" name="Default test" finished-at="2025-10-21T20:55:34 IST" duration-ms="14027">
      <class name="Test.Tests">
        <test-method is-config="true" signature="before()[pri:0, instance:Test.Tests@1bd4fdd]" started-at="2025-10-21T20:55:20 IST" name="before" finished-at="2025-10-21T20:55:31 IST" duration-ms="11395" status="PASS">
          <reporter-output>
          </reporter-output>
        </test-method> <!-- before -->
        <test-method signature="test()[pri:0, instance:Test.Tests@1bd4fdd]" started-at="2025-10-21T20:55:31 IST" name="test" finished-at="2025-10-21T20:55:34 IST" duration-ms="2512" status="PASS">
          <reporter-output>
          </reporter-output>
        </test-method> <!-- test -->
      </class> <!-- Test.Tests -->
    </test> <!-- Default test -->
  </suite> <!-- Default suite -->
</testng-results>
