<?xml version="1.0" encoding="UTF-8"?>
<testng-results ignored="0" total="1" passed="1" failed="0" skipped="0">
  <reporter-output>
  </reporter-output>
  <suite started-at="2025-10-22T18:59:18 IST" name="Default suite" finished-at="2025-10-22T18:59:35 IST" duration-ms="16680">
    <groups>
    </groups>
    <test started-at="2025-10-22T18:59:18 IST" name="Default test" finished-at="2025-10-22T18:59:35 IST" duration-ms="16680">
      <class name="Test.Tests">
        <test-method is-config="true" signature="before()[pri:0, instance:Test.Tests@1bd4fdd]" started-at="2025-10-22T18:59:18 IST" name="before" finished-at="2025-10-22T18:59:28 IST" duration-ms="9917" status="PASS">
          <reporter-output>
          </reporter-output>
        </test-method> <!-- before -->
        <test-method signature="newusersignup()[pri:1, instance:Test.Tests@1bd4fdd]" started-at="2025-10-22T18:59:28 IST" name="newusersignup" finished-at="2025-10-22T18:59:35 IST" duration-ms="6656" status="PASS">
          <reporter-output>
          </reporter-output>
        </test-method> <!-- newusersignup -->
      </class> <!-- Test.Tests -->
    </test> <!-- Default test -->
  </suite> <!-- Default suite -->
</testng-results>
