<?xml version="1.0" encoding="UTF-8"?>
<testng-results ignored="0" total="2" passed="2" failed="0" skipped="0">
  <reporter-output>
  </reporter-output>
  <suite started-at="2025-10-21T23:58:39 IST" name="Default suite" finished-at="2025-10-21T23:58:56 IST" duration-ms="17642">
    <groups>
    </groups>
    <test started-at="2025-10-21T23:58:39 IST" name="Default test" finished-at="2025-10-21T23:58:56 IST" duration-ms="17642">
      <class name="Test.Tests">
        <test-method is-config="true" signature="before()[pri:0, instance:Test.Tests@55183b20]" started-at="2025-10-21T23:58:39 IST" name="before" finished-at="2025-10-21T23:58:46 IST" duration-ms="6858" status="PASS">
          <reporter-output>
          </reporter-output>
        </test-method> <!-- before -->
        <test-method signature="newusersignup()[pri:1, instance:Test.Tests@55183b20]" started-at="2025-10-21T23:58:46 IST" name="newusersignup" finished-at="2025-10-21T23:58:48 IST" duration-ms="2533" status="PASS">
          <reporter-output>
          </reporter-output>
        </test-method> <!-- newusersignup -->
        <test-method is-config="true" signature="before()[pri:0, instance:Test.Tests@55183b20]" started-at="2025-10-21T23:58:48 IST" name="before" finished-at="2025-10-21T23:58:56 IST" duration-ms="8145" status="PASS">
          <reporter-output>
          </reporter-output>
        </test-method> <!-- before -->
        <test-method signature="accountinfo()[pri:2, instance:Test.Tests@55183b20]" started-at="2025-10-21T23:58:56 IST" name="accountinfo" finished-at="2025-10-21T23:58:56 IST" duration-ms="4" status="PASS">
          <reporter-output>
          </reporter-output>
        </test-method> <!-- accountinfo -->
      </class> <!-- Test.Tests -->
    </test> <!-- Default test -->
  </suite> <!-- Default suite -->
</testng-results>
